  Bar.cpp
c:\users\adell\documents\github\videogame_dev_ruinexplorer\jocdev\motor2d\animation.h(40): warning C4244: 'return': conversion from 'float' to 'int', possible loss of data
c:\users\adell\documents\github\videogame_dev_ruinexplorer\jocdev\motor2d\bar.cpp(35): warning C4244: '=': conversion from 'float' to 'uint', possible loss of data
c:\users\adell\documents\github\videogame_dev_ruinexplorer\jocdev\motor2d\bar.cpp(54): warning C4244: '=': conversion from 'float' to 'uint', possible loss of data
  Button.cpp
c:\users\adell\documents\github\videogame_dev_ruinexplorer\jocdev\motor2d\animation.h(40): warning C4244: 'return': conversion from 'float' to 'int', possible loss of data
  Coins.cpp
c:\users\adell\documents\github\videogame_dev_ruinexplorer\jocdev\motor2d\animation.h(40): warning C4244: 'return': conversion from 'float' to 'int', possible loss of data
  Collective.cpp
c:\users\adell\documents\github\videogame_dev_ruinexplorer\jocdev\motor2d\animation.h(40): warning C4244: 'return': conversion from 'float' to 'int', possible loss of data
  Credits.cpp
c:\users\adell\documents\github\videogame_dev_ruinexplorer\jocdev\motor2d\animation.h(40): warning C4244: 'return': conversion from 'float' to 'int', possible loss of data
  GUI.cpp
c:\users\adell\documents\github\videogame_dev_ruinexplorer\jocdev\motor2d\animation.h(40): warning C4244: 'return': conversion from 'float' to 'int', possible loss of data
  Lifes.cpp
c:\users\adell\documents\github\videogame_dev_ruinexplorer\jocdev\motor2d\animation.h(40): warning C4244: 'return': conversion from 'float' to 'int', possible loss of data
  Player.cpp
c:\users\adell\documents\github\videogame_dev_ruinexplorer\jocdev\motor2d\animation.h(40): warning C4244: 'return': conversion from 'float' to 'int', possible loss of data
c:\users\adell\documents\github\videogame_dev_ruinexplorer\jocdev\motor2d\player.cpp(28): warning C4244: '=': conversion from 'float' to 'TYPE', possible loss of data
          with
          [
              TYPE=int
          ]
c:\users\adell\documents\github\videogame_dev_ruinexplorer\jocdev\motor2d\player.cpp(29): warning C4244: '=': conversion from 'float' to 'TYPE', possible loss of data
          with
          [
              TYPE=int
          ]
c:\users\adell\documents\github\videogame_dev_ruinexplorer\jocdev\motor2d\player.cpp(35): warning C4244: '=': conversion from 'float' to 'int', possible loss of data
c:\users\adell\documents\github\videogame_dev_ruinexplorer\jocdev\motor2d\player.cpp(36): warning C4244: '=': conversion from 'float' to 'int', possible loss of data
c:\users\adell\documents\github\videogame_dev_ruinexplorer\jocdev\motor2d\player.cpp(103): warning C4244: '+=': conversion from 'float' to 'TYPE', possible loss of data
          with
          [
              TYPE=int
          ]
c:\users\adell\documents\github\videogame_dev_ruinexplorer\jocdev\motor2d\player.cpp(110): warning C4244: '-=': conversion from 'float' to 'TYPE', possible loss of data
          with
          [
              TYPE=int
          ]
c:\users\adell\documents\github\videogame_dev_ruinexplorer\jocdev\motor2d\player.cpp(121): warning C4244: '-=': conversion from 'float' to 'TYPE', possible loss of data
          with
          [
              TYPE=int
          ]
c:\users\adell\documents\github\videogame_dev_ruinexplorer\jocdev\motor2d\player.cpp(133): warning C4244: '-=': conversion from 'float' to 'TYPE', possible loss of data
          with
          [
              TYPE=int
          ]
c:\users\adell\documents\github\videogame_dev_ruinexplorer\jocdev\motor2d\player.cpp(157): warning C4244: '-=': conversion from 'float' to 'TYPE', possible loss of data
          with
          [
              TYPE=int
          ]
c:\users\adell\documents\github\videogame_dev_ruinexplorer\jocdev\motor2d\player.cpp(165): warning C4244: '+=': conversion from 'float' to 'TYPE', possible loss of data
          with
          [
              TYPE=int
          ]
c:\users\adell\documents\github\videogame_dev_ruinexplorer\jocdev\motor2d\player.cpp(173): warning C4244: '+=': conversion from 'float' to 'TYPE', possible loss of data
          with
          [
              TYPE=int
          ]
c:\users\adell\documents\github\videogame_dev_ruinexplorer\jocdev\motor2d\player.cpp(218): warning C4244: '+=': conversion from 'float' to 'TYPE', possible loss of data
          with
          [
              TYPE=int
          ]
c:\users\adell\documents\github\videogame_dev_ruinexplorer\jocdev\motor2d\player.cpp(227): warning C4244: '-=': conversion from 'float' to 'TYPE', possible loss of data
          with
          [
              TYPE=int
          ]
c:\users\adell\documents\github\videogame_dev_ruinexplorer\jocdev\motor2d\player.cpp(235): warning C4244: '+=': conversion from 'float' to 'TYPE', possible loss of data
          with
          [
              TYPE=int
          ]
c:\users\adell\documents\github\videogame_dev_ruinexplorer\jocdev\motor2d\player.cpp(240): warning C4244: '-=': conversion from 'float' to 'TYPE', possible loss of data
          with
          [
              TYPE=int
          ]
  ProgresionBar.cpp
c:\users\adell\documents\github\videogame_dev_ruinexplorer\jocdev\motor2d\animation.h(40): warning C4244: 'return': conversion from 'float' to 'int', possible loss of data
  SCoin.cpp
c:\users\adell\documents\github\videogame_dev_ruinexplorer\jocdev\motor2d\animation.h(40): warning C4244: 'return': conversion from 'float' to 'int', possible loss of data
  Sliderbar.cpp
c:\users\adell\documents\github\videogame_dev_ruinexplorer\jocdev\motor2d\animation.h(40): warning C4244: 'return': conversion from 'float' to 'int', possible loss of data
  Sprites.cpp
c:\users\adell\documents\github\videogame_dev_ruinexplorer\jocdev\motor2d\animation.h(40): warning C4244: 'return': conversion from 'float' to 'int', possible loss of data
  TextBox.cpp
c:\users\adell\documents\github\videogame_dev_ruinexplorer\jocdev\motor2d\animation.h(40): warning C4244: 'return': conversion from 'float' to 'int', possible loss of data
  j1App.cpp
c:\users\adell\documents\github\videogame_dev_ruinexplorer\jocdev\motor2d\animation.h(40): warning C4244: 'return': conversion from 'float' to 'int', possible loss of data
c:\users\adell\documents\github\videogame_dev_ruinexplorer\jocdev\motor2d\j1app.cpp(230): warning C4477: 'sprintf_s' : format string '%lu' requires an argument of type 'unsigned long', but variadic argument 5 has type 'uint64'
  c:\users\adell\documents\github\videogame_dev_ruinexplorer\jocdev\motor2d\j1app.cpp(230): note: consider using '%llu' in the format string
  c:\users\adell\documents\github\videogame_dev_ruinexplorer\jocdev\motor2d\j1app.cpp(230): note: consider using '%I64u' in the format string
  j1GUI.cpp
c:\users\adell\documents\github\videogame_dev_ruinexplorer\jocdev\motor2d\animation.h(40): warning C4244: 'return': conversion from 'float' to 'int', possible loss of data
c:\users\adell\documents\github\videogame_dev_ruinexplorer\jocdev\motor2d\j1gui.cpp(233): warning C4390: ';': empty controlled statement found; is this the intent?
c:\users\adell\documents\github\videogame_dev_ruinexplorer\jocdev\motor2d\j1gui.cpp(249): warning C4390: ';': empty controlled statement found; is this the intent?
  j1Map.cpp
c:\users\adell\documents\github\videogame_dev_ruinexplorer\jocdev\motor2d\animation.h(40): warning C4244: 'return': conversion from 'float' to 'int', possible loss of data
c:\users\adell\documents\github\videogame_dev_ruinexplorer\jocdev\motor2d\j1map.cpp(60): warning C4244: 'argument': conversion from 'float' to 'int', possible loss of data
  j1Scene.cpp
c:\users\adell\documents\github\videogame_dev_ruinexplorer\jocdev\motor2d\animation.h(40): warning C4244: 'return': conversion from 'float' to 'int', possible loss of data
c:\users\adell\documents\github\videogame_dev_ruinexplorer\jocdev\motor2d\j1scene.cpp(272): warning C4390: ';': empty controlled statement found; is this the intent?
c:\users\adell\documents\github\videogame_dev_ruinexplorer\jocdev\motor2d\j1scene.cpp(298): warning C4390: ';': empty controlled statement found; is this the intent?
  pause.cpp
c:\users\adell\documents\github\videogame_dev_ruinexplorer\jocdev\motor2d\animation.h(40): warning C4244: 'return': conversion from 'float' to 'int', possible loss of data
  Generating Code...
  Motor2D.vcxproj -> C:\Users\adell\Documents\GitHub\Videogame_Dev_RuinExplorer\JocDev\Debug\Motor 2D.exe
